# JRE version: OpenJDK Runtime Environment Temurin-17.0.5+8 (17.0.5+8) (build 17.0.5+8)
# Java VM: OpenJDK 64-Bit Server VM Temurin-17.0.5+8 (17.0.5+8, mixed mode, emulated-client, tiered, compressed oops, compressed class ptrs, g1 gc, windows-amd64)
GC Precious Log:
 CPUs: 4 total, 4 available
 Memory: 8026M
 Large Page Support: Disabled
 NUMA Support: Disabled
 Compressed Oops: Enabled (32-bit)
 Heap Region Size: 1M
 Heap Min Capacity: 8M
 Heap Initial Capacity: 126M
 Heap Max Capacity: 2008M
 Pre-touch: Disabled
 Parallel Workers: 4
 Concurrent Workers: 1
 Concurrent Refinement Workers: 4
 Periodic GC: Disabled
Heap:
 garbage-first heap   total 429056K, used 244175K [0x0000000082800000, 0x0000000100000000)
  region size 1024K, 14 young (14336K), 14 survivors (14336K)
 Metaspace       used 56831K, committed 57216K, reserved 1105920K
  class space    used 7155K, committed 7360K, reserved 1048576K
GC Heap History (20 events):
Event: 22.983 GC heap after
{Heap after GC invocations=46 (full 0):
 garbage-first heap   total 415744K, used 175755K [0x0000000082800000, 0x0000000100000000)
  region size 1024K, 12 young (12288K), 12 survivors (12288K)
 Metaspace       used 56813K, committed 57152K, reserved 1105920K
  class space    used 7153K, committed 7296K, reserved 1048576K
}
Event: 23.776 GC heap before
{Heap before GC invocations=47 (full 0):
 garbage-first heap   total 429056K, used 344715K [0x0000000082800000, 0x0000000100000000)
  region size 1024K, 178 young (182272K), 12 survivors (12288K)
 Metaspace       used 56831K, committed 57216K, reserved 1105920K
  class space    used 7155K, committed 7360K, reserved 1048576K
}
Event: 23.795 GC heap after
{Heap after GC invocations=48 (full 0):
 garbage-first heap   total 429056K, used 181899K [0x0000000082800000, 0x0000000100000000)
  region size 1024K, 18 young (18432K), 18 survivors (18432K)
 Metaspace       used 56831K, committed 57216K, reserved 1105920K
  class space    used 7155K, committed 7360K, reserved 1048576K
}
Event: 23.801 GC heap before
{Heap before GC invocations=48 (full 0):
 garbage-first heap   total 429056K, used 182923K [0x0000000082800000, 0x0000000100000000)
  region size 1024K, 20 young (20480K), 18 survivors (18432K)
 Metaspace       used 56831K, committed 57216K, reserved 1105920K
  class space    used 7155K, committed 7360K, reserved 1048576K
}
Event: 23.824 GC heap after
{Heap after GC invocations=49 (full 0):
 garbage-first heap   total 429056K, used 180228K [0x0000000082800000, 0x0000000100000000)
  region size 1024K, 2 young (2048K), 2 survivors (2048K)
 Metaspace       used 56831K, committed 57216K, reserved 1105920K
  class space    used 7155K, committed 7360K, reserved 1048576K
}
Event: 24.419 GC heap before
{Heap before GC invocations=49 (full 0):
 garbage-first heap   total 429056K, used 357380K [0x0000000082800000, 0x0000000100000000)
  region size 1024K, 176 young (180224K), 2 survivors (2048K)
 Metaspace       used 56831K, committed 57216K, reserved 1105920K
  class space    used 7155K, committed 7360K, reserved 1048576K
}
Event: 24.430 GC heap after
{Heap after GC invocations=50 (full 0):
 garbage-first heap   total 429056K, used 188120K [0x0000000082800000, 0x0000000100000000)
  region size 1024K, 10 young (10240K), 10 survivors (10240K)
 Metaspace       used 56831K, committed 57216K, reserved 1105920K
  class space    used 7155K, committed 7360K, reserved 1048576K
}
Event: 24.913 GC heap before
{Heap before GC invocations=50 (full 0):
 garbage-first heap   total 429056K, used 359128K [0x0000000082800000, 0x0000000100000000)
  region size 1024K, 179 young (183296K), 10 survivors (10240K)
 Metaspace       used 56831K, committed 57216K, reserved 1105920K
  class space    used 7155K, committed 7360K, reserved 1048576K
}
Event: 24.928 GC heap after
{Heap after GC invocations=51 (full 0):
 garbage-first heap   total 429056K, used 195076K [0x0000000082800000, 0x0000000100000000)
  region size 1024K, 16 young (16384K), 16 survivors (16384K)
 Metaspace       used 56831K, committed 57216K, reserved 1105920K
  class space    used 7155K, committed 7360K, reserved 1048576K
}
Event: 25.752 GC heap before
{Heap before GC invocations=51 (full 0):
 garbage-first heap   total 429056K, used 361988K [0x0000000082800000, 0x0000000100000000)
  region size 1024K, 180 young (184320K), 16 survivors (16384K)
 Metaspace       used 56831K, committed 57216K, reserved 1105920K
  class space    used 7155K, committed 7360K, reserved 1048576K
}
Event: 25.774 GC heap after
{Heap after GC invocations=52 (full 0):
 garbage-first heap   total 429056K, used 204574K [0x0000000082800000, 0x0000000100000000)
  region size 1024K, 17 young (17408K), 17 survivors (17408K)
 Metaspace       used 56831K, committed 57216K, reserved 1105920K
  class space    used 7155K, committed 7360K, reserved 1048576K
}
Event: 26.339 GC heap before
{Heap before GC invocations=52 (full 0):
 garbage-first heap   total 429056K, used 363294K [0x0000000082800000, 0x0000000100000000)
  region size 1024K, 173 young (177152K), 17 survivors (17408K)
 Metaspace       used 56831K, committed 57216K, reserved 1105920K
  class space    used 7155K, committed 7360K, reserved 1048576K
}
Event: 26.356 GC heap after
{Heap after GC invocations=53 (full 0):
 garbage-first heap   total 429056K, used 212936K [0x0000000082800000, 0x0000000100000000)
  region size 1024K, 17 young (17408K), 17 survivors (17408K)
 Metaspace       used 56831K, committed 57216K, reserved 1105920K
  class space    used 7155K, committed 7360K, reserved 1048576K
}
Event: 26.900 GC heap before
{Heap before GC invocations=53 (full 0):
 garbage-first heap   total 429056K, used 365512K [0x0000000082800000, 0x0000000100000000)
  region size 1024K, 167 young (171008K), 17 survivors (17408K)
 Metaspace       used 56831K, committed 57216K, reserved 1105920K
  class space    used 7155K, committed 7360K, reserved 1048576K
}
Event: 26.916 GC heap after
{Heap after GC invocations=54 (full 0):
 garbage-first heap   total 429056K, used 221135K [0x0000000082800000, 0x0000000100000000)
  region size 1024K, 16 young (16384K), 16 survivors (16384K)
 Metaspace       used 56831K, committed 57216K, reserved 1105920K
  class space    used 7155K, committed 7360K, reserved 1048576K
}
Event: 27.415 GC heap before
{Heap before GC invocations=54 (full 0):
 garbage-first heap   total 429056K, used 365519K [0x0000000082800000, 0x0000000100000000)
  region size 1024K, 158 young (161792K), 16 survivors (16384K)
 Metaspace       used 56831K, committed 57216K, reserved 1105920K
  class space    used 7155K, committed 7360K, reserved 1048576K
}
Event: 27.433 GC heap after
{Heap after GC invocations=55 (full 0):
 garbage-first heap   total 429056K, used 229619K [0x0000000082800000, 0x0000000100000000)
  region size 1024K, 17 young (17408K), 17 survivors (17408K)
 Metaspace       used 56831K, committed 57216K, reserved 1105920K
  class space    used 7155K, committed 7360K, reserved 1048576K
}
Event: 27.889 GC heap before
{Heap before GC invocations=55 (full 0):
 garbage-first heap   total 429056K, used 368883K [0x0000000082800000, 0x0000000100000000)
  region size 1024K, 152 young (155648K), 17 survivors (17408K)
 Metaspace       used 56831K, committed 57216K, reserved 1105920K
  class space    used 7155K, committed 7360K, reserved 1048576K
}
Event: 27.910 GC heap after
{Heap after GC invocations=56 (full 0):
 garbage-first heap   total 429056K, used 237759K [0x0000000082800000, 0x0000000100000000)
  region size 1024K, 15 young (15360K), 15 survivors (15360K)
 Metaspace       used 56831K, committed 57216K, reserved 1105920K
  class space    used 7155K, committed 7360K, reserved 1048576K
}
Event: 28.404 GC heap before
{Heap before GC invocations=56 (full 0):
 garbage-first heap   total 429056K, used 367807K [0x0000000082800000, 0x0000000100000000)
  region size 1024K, 143 young (146432K), 15 survivors (15360K)
 Metaspace       used 56831K, committed 57216K, reserved 1105920K
  class space    used 7155K, committed 7360K, reserved 1048576K
}

