# JRE version: OpenJDK Runtime Environment Temurin-17.0.5+8 (17.0.5+8) (build 17.0.5+8)
# Java VM: OpenJDK 64-Bit Server VM Temurin-17.0.5+8 (17.0.5+8, mixed mode, emulated-client, tiered, compressed oops, compressed class ptrs, g1 gc, windows-amd64)
GC Precious Log:
 CPUs: 4 total, 4 available
 Memory: 8026M
 Large Page Support: Disabled
 NUMA Support: Disabled
 Compressed Oops: Enabled (32-bit)
 Heap Region Size: 1M
 Heap Min Capacity: 8M
 Heap Initial Capacity: 126M
 Heap Max Capacity: 2008M
 Pre-touch: Disabled
 Parallel Workers: 4
 Concurrent Workers: 1
 Concurrent Refinement Workers: 4
 Periodic GC: Disabled
Heap:
 garbage-first heap   total 485376K, used 279040K [0x0000000082800000, 0x0000000100000000)
  region size 1024K, 21 young (21504K), 21 survivors (21504K)
 Metaspace       used 57611K, committed 57984K, reserved 1105920K
  class space    used 7278K, committed 7488K, reserved 1048576K
GC Heap History (20 events):
Event: 44.019 GC heap after
{Heap after GC invocations=44 (full 0):
 garbage-first heap   total 458752K, used 168448K [0x0000000082800000, 0x0000000100000000)
  region size 1024K, 11 young (11264K), 11 survivors (11264K)
 Metaspace       used 56361K, committed 56832K, reserved 1105920K
  class space    used 7102K, committed 7360K, reserved 1048576K
}
Event: 44.662 GC heap before
{Heap before GC invocations=44 (full 0):
 garbage-first heap   total 458752K, used 378368K [0x0000000082800000, 0x0000000100000000)
  region size 1024K, 217 young (222208K), 11 survivors (11264K)
 Metaspace       used 56832K, committed 57216K, reserved 1105920K
  class space    used 7154K, committed 7360K, reserved 1048576K
}
Event: 44.681 GC heap after
{Heap after GC invocations=45 (full 0):
 garbage-first heap   total 458752K, used 177152K [0x0000000082800000, 0x0000000100000000)
  region size 1024K, 20 young (20480K), 20 survivors (20480K)
 Metaspace       used 56832K, committed 57216K, reserved 1105920K
  class space    used 7154K, committed 7360K, reserved 1048576K
}
Event: 45.405 GC heap before
{Heap before GC invocations=45 (full 0):
 garbage-first heap   total 458752K, used 380928K [0x0000000082800000, 0x0000000100000000)
  region size 1024K, 220 young (225280K), 20 survivors (20480K)
 Metaspace       used 56832K, committed 57216K, reserved 1105920K
  class space    used 7154K, committed 7360K, reserved 1048576K
}
Event: 45.429 GC heap after
{Heap after GC invocations=46 (full 0):
 garbage-first heap   total 458752K, used 187329K [0x0000000082800000, 0x0000000100000000)
  region size 1024K, 20 young (20480K), 20 survivors (20480K)
 Metaspace       used 56832K, committed 57216K, reserved 1105920K
  class space    used 7154K, committed 7360K, reserved 1048576K
}
Event: 46.680 GC heap before
{Heap before GC invocations=46 (full 0):
 garbage-first heap   total 458752K, used 382913K [0x0000000082800000, 0x0000000100000000)
  region size 1024K, 212 young (217088K), 20 survivors (20480K)
 Metaspace       used 56832K, committed 57216K, reserved 1105920K
  class space    used 7154K, committed 7360K, reserved 1048576K
}
Event: 46.702 GC heap after
{Heap after GC invocations=47 (full 0):
 garbage-first heap   total 458752K, used 196096K [0x0000000082800000, 0x0000000100000000)
  region size 1024K, 19 young (19456K), 19 survivors (19456K)
 Metaspace       used 56832K, committed 57216K, reserved 1105920K
  class space    used 7154K, committed 7360K, reserved 1048576K
}
Event: 47.406 GC heap before
{Heap before GC invocations=47 (full 0):
 garbage-first heap   total 458752K, used 385536K [0x0000000082800000, 0x0000000100000000)
  region size 1024K, 205 young (209920K), 19 survivors (19456K)
 Metaspace       used 56832K, committed 57216K, reserved 1105920K
  class space    used 7154K, committed 7360K, reserved 1048576K
}
Event: 47.428 GC heap after
{Heap after GC invocations=48 (full 0):
 garbage-first heap   total 458752K, used 206265K [0x0000000082800000, 0x0000000100000000)
  region size 1024K, 18 young (18432K), 18 survivors (18432K)
 Metaspace       used 56832K, committed 57216K, reserved 1105920K
  class space    used 7154K, committed 7360K, reserved 1048576K
}
Event: 47.974 GC heap before
{Heap before GC invocations=48 (full 0):
 garbage-first heap   total 458752K, used 387513K [0x0000000082800000, 0x0000000100000000)
  region size 1024K, 196 young (200704K), 18 survivors (18432K)
 Metaspace       used 56832K, committed 57216K, reserved 1105920K
  class space    used 7154K, committed 7360K, reserved 1048576K
}
Event: 47.994 GC heap after
{Heap after GC invocations=49 (full 0):
 garbage-first heap   total 458752K, used 215993K [0x0000000082800000, 0x0000000100000000)
  region size 1024K, 19 young (19456K), 19 survivors (19456K)
 Metaspace       used 56832K, committed 57216K, reserved 1105920K
  class space    used 7154K, committed 7360K, reserved 1048576K
}
Event: 48.570 GC heap before
{Heap before GC invocations=49 (full 0):
 garbage-first heap   total 458752K, used 389049K [0x0000000082800000, 0x0000000100000000)
  region size 1024K, 189 young (193536K), 19 survivors (19456K)
 Metaspace       used 56832K, committed 57216K, reserved 1105920K
  class space    used 7154K, committed 7360K, reserved 1048576K
}
Event: 48.592 GC heap after
{Heap after GC invocations=50 (full 0):
 garbage-first heap   total 458752K, used 224684K [0x0000000082800000, 0x0000000100000000)
  region size 1024K, 18 young (18432K), 18 survivors (18432K)
 Metaspace       used 56832K, committed 57216K, reserved 1105920K
  class space    used 7154K, committed 7360K, reserved 1048576K
}
Event: 48.752 GC heap before
{Heap before GC invocations=50 (full 0):
 garbage-first heap   total 458752K, used 289196K [0x0000000082800000, 0x0000000100000000)
  region size 1024K, 83 young (84992K), 18 survivors (18432K)
 Metaspace       used 56832K, committed 57216K, reserved 1105920K
  class space    used 7154K, committed 7360K, reserved 1048576K
}
Event: 48.769 GC heap after
{Heap after GC invocations=51 (full 0):
 garbage-first heap   total 458752K, used 228229K [0x0000000082800000, 0x0000000100000000)
  region size 1024K, 12 young (12288K), 12 survivors (12288K)
 Metaspace       used 56832K, committed 57216K, reserved 1105920K
  class space    used 7154K, committed 7360K, reserved 1048576K
}
Event: 49.589 GC heap before
{Heap before GC invocations=52 (full 0):
 garbage-first heap   total 485376K, used 388997K [0x0000000082800000, 0x0000000100000000)
  region size 1024K, 168 young (172032K), 12 survivors (12288K)
 Metaspace       used 56830K, committed 57216K, reserved 1105920K
  class space    used 7153K, committed 7360K, reserved 1048576K
}
Event: 49.609 GC heap after
{Heap after GC invocations=53 (full 0):
 garbage-first heap   total 485376K, used 239551K [0x0000000082800000, 0x0000000100000000)
  region size 1024K, 12 young (12288K), 12 survivors (12288K)
 Metaspace       used 56830K, committed 57216K, reserved 1105920K
  class space    used 7153K, committed 7360K, reserved 1048576K
}
Event: 49.650 GC heap before
{Heap before GC invocations=53 (full 0):
 garbage-first heap   total 485376K, used 249791K [0x0000000082800000, 0x0000000100000000)
  region size 1024K, 23 young (23552K), 12 survivors (12288K)
 Metaspace       used 56846K, committed 57216K, reserved 1105920K
  class space    used 7155K, committed 7360K, reserved 1048576K
}
Event: 49.666 GC heap after
{Heap after GC invocations=54 (full 0):
 garbage-first heap   total 485376K, used 237944K [0x0000000082800000, 0x0000000100000000)
  region size 1024K, 2 young (2048K), 2 survivors (2048K)
 Metaspace       used 56846K, committed 57216K, reserved 1105920K
  class space    used 7155K, committed 7360K, reserved 1048576K
}
Event: 50.639 GC heap before
{Heap before GC invocations=54 (full 0):
 garbage-first heap   total 485376K, used 407928K [0x0000000082800000, 0x0000000100000000)
  region size 1024K, 168 young (172032K), 2 survivors (2048K)
 Metaspace       used 57611K, committed 57984K, reserved 1105920K
  class space    used 7278K, committed 7488K, reserved 1048576K
}

