# JRE version: OpenJDK Runtime Environment Temurin-17.0.5+8 (17.0.5+8) (build 17.0.5+8)
# Java VM: OpenJDK 64-Bit Server VM Temurin-17.0.5+8 (17.0.5+8, mixed mode, emulated-client, tiered, compressed oops, compressed class ptrs, g1 gc, windows-amd64)
GC Precious Log:
 CPUs: 4 total, 4 available
 Memory: 8026M
 Large Page Support: Disabled
 NUMA Support: Disabled
 Compressed Oops: Enabled (32-bit)
 Heap Region Size: 1M
 Heap Min Capacity: 8M
 Heap Initial Capacity: 126M
 Heap Max Capacity: 2008M
 Pre-touch: Disabled
 Parallel Workers: 4
 Concurrent Workers: 1
 Concurrent Refinement Workers: 4
 Periodic GC: Disabled
Heap:
 garbage-first heap   total 419840K, used 271360K [0x0000000082800000, 0x0000000100000000)
  region size 1024K, 10 young (10240K), 10 survivors (10240K)
 Metaspace       used 42413K, committed 42816K, reserved 1089536K
  class space    used 5931K, committed 6144K, reserved 1048576K
GC Heap History (20 events):
Event: 44.562 GC heap after
{Heap after GC invocations=41 (full 0):
 garbage-first heap   total 380928K, used 187134K [0x0000000082800000, 0x0000000100000000)
  region size 1024K, 14 young (14336K), 14 survivors (14336K)
 Metaspace       used 36222K, committed 36544K, reserved 1081344K
  class space    used 4694K, committed 4864K, reserved 1048576K
}
Event: 45.232 GC heap before
{Heap before GC invocations=41 (full 0):
 garbage-first heap   total 380928K, used 322302K [0x0000000082800000, 0x0000000100000000)
  region size 1024K, 147 young (150528K), 14 survivors (14336K)
 Metaspace       used 36222K, committed 36544K, reserved 1081344K
  class space    used 4694K, committed 4864K, reserved 1048576K
}
Event: 45.255 GC heap after
{Heap after GC invocations=42 (full 0):
 garbage-first heap   total 380928K, used 194994K [0x0000000082800000, 0x0000000100000000)
  region size 1024K, 15 young (15360K), 15 survivors (15360K)
 Metaspace       used 36222K, committed 36544K, reserved 1081344K
  class space    used 4694K, committed 4864K, reserved 1048576K
}
Event: 46.213 GC heap before
{Heap before GC invocations=43 (full 0):
 garbage-first heap   total 419840K, used 318898K [0x0000000082800000, 0x0000000100000000)
  region size 1024K, 138 young (141312K), 15 survivors (15360K)
 Metaspace       used 36222K, committed 36544K, reserved 1081344K
  class space    used 4694K, committed 4864K, reserved 1048576K
}
Event: 46.230 GC heap after
{Heap after GC invocations=44 (full 0):
 garbage-first heap   total 419840K, used 201225K [0x0000000082800000, 0x0000000100000000)
  region size 1024K, 14 young (14336K), 14 survivors (14336K)
 Metaspace       used 36222K, committed 36544K, reserved 1081344K
  class space    used 4694K, committed 4864K, reserved 1048576K
}
Event: 46.251 GC heap before
{Heap before GC invocations=44 (full 0):
 garbage-first heap   total 419840K, used 206345K [0x0000000082800000, 0x0000000100000000)
  region size 1024K, 20 young (20480K), 14 survivors (14336K)
 Metaspace       used 36222K, committed 36544K, reserved 1081344K
  class space    used 4694K, committed 4864K, reserved 1048576K
}
Event: 46.263 GC heap after
{Heap after GC invocations=45 (full 0):
 garbage-first heap   total 419840K, used 198480K [0x0000000082800000, 0x0000000100000000)
  region size 1024K, 2 young (2048K), 2 survivors (2048K)
 Metaspace       used 36222K, committed 36544K, reserved 1081344K
  class space    used 4694K, committed 4864K, reserved 1048576K
}
Event: 47.003 GC heap before
{Heap before GC invocations=45 (full 0):
 garbage-first heap   total 419840K, used 356176K [0x0000000082800000, 0x0000000100000000)
  region size 1024K, 157 young (160768K), 2 survivors (2048K)
 Metaspace       used 36222K, committed 36544K, reserved 1081344K
  class space    used 4694K, committed 4864K, reserved 1048576K
}
Event: 47.024 GC heap after
{Heap after GC invocations=46 (full 0):
 garbage-first heap   total 419840K, used 205656K [0x0000000082800000, 0x0000000100000000)
  region size 1024K, 9 young (9216K), 9 survivors (9216K)
 Metaspace       used 36222K, committed 36544K, reserved 1081344K
  class space    used 4694K, committed 4864K, reserved 1048576K
}
Event: 49.056 GC heap before
{Heap before GC invocations=47 (full 0):
 garbage-first heap   total 419840K, used 358232K [0x0000000082800000, 0x0000000100000000)
  region size 1024K, 157 young (160768K), 9 survivors (9216K)
 Metaspace       used 36222K, committed 36544K, reserved 1081344K
  class space    used 4694K, committed 4864K, reserved 1048576K
}
Event: 49.079 GC heap after
{Heap after GC invocations=48 (full 0):
 garbage-first heap   total 419840K, used 215070K [0x0000000082800000, 0x0000000100000000)
  region size 1024K, 16 young (16384K), 16 survivors (16384K)
 Metaspace       used 36222K, committed 36544K, reserved 1081344K
  class space    used 4694K, committed 4864K, reserved 1048576K
}
Event: 49.091 GC heap before
{Heap before GC invocations=48 (full 0):
 garbage-first heap   total 419840K, used 218142K [0x0000000082800000, 0x0000000100000000)
  region size 1024K, 20 young (20480K), 16 survivors (16384K)
 Metaspace       used 36222K, committed 36544K, reserved 1081344K
  class space    used 4694K, committed 4864K, reserved 1048576K
}
Event: 49.173 GC heap after
{Heap after GC invocations=49 (full 0):
 garbage-first heap   total 419840K, used 214734K [0x0000000082800000, 0x0000000100000000)
  region size 1024K, 2 young (2048K), 2 survivors (2048K)
 Metaspace       used 36222K, committed 36544K, reserved 1081344K
  class space    used 4694K, committed 4864K, reserved 1048576K
}
Event: 50.032 GC heap before
{Heap before GC invocations=49 (full 0):
 garbage-first heap   total 419840K, used 358094K [0x0000000082800000, 0x0000000100000000)
  region size 1024K, 143 young (146432K), 2 survivors (2048K)
 Metaspace       used 36222K, committed 36544K, reserved 1081344K
  class space    used 4694K, committed 4864K, reserved 1048576K
}
Event: 50.039 GC heap after
{Heap after GC invocations=50 (full 0):
 garbage-first heap   total 419840K, used 220213K [0x0000000082800000, 0x0000000100000000)
  region size 1024K, 8 young (8192K), 8 survivors (8192K)
 Metaspace       used 36222K, committed 36544K, reserved 1081344K
  class space    used 4694K, committed 4864K, reserved 1048576K
}
Event: 55.634 GC heap before
{Heap before GC invocations=50 (full 0):
 garbage-first heap   total 419840K, used 359477K [0x0000000082800000, 0x0000000100000000)
  region size 1024K, 144 young (147456K), 8 survivors (8192K)
 Metaspace       used 38131K, committed 38464K, reserved 1089536K
  class space    used 4996K, committed 5120K, reserved 1048576K
}
Event: 56.073 GC heap after
{Heap after GC invocations=51 (full 0):
 garbage-first heap   total 419840K, used 255844K [0x0000000082800000, 0x0000000100000000)
  region size 1024K, 18 young (18432K), 18 survivors (18432K)
 Metaspace       used 38131K, committed 38464K, reserved 1089536K
  class space    used 4996K, committed 5120K, reserved 1048576K
}
Event: 57.565 GC heap before
{Heap before GC invocations=51 (full 0):
 garbage-first heap   total 419840K, used 257892K [0x0000000082800000, 0x0000000100000000)
  region size 1024K, 20 young (20480K), 18 survivors (18432K)
 Metaspace       used 38428K, committed 38720K, reserved 1089536K
  class space    used 5076K, committed 5184K, reserved 1048576K
}
Event: 57.665 GC heap after
{Heap after GC invocations=52 (full 0):
 garbage-first heap   total 419840K, used 258560K [0x0000000082800000, 0x0000000100000000)
  region size 1024K, 2 young (2048K), 2 survivors (2048K)
 Metaspace       used 38428K, committed 38720K, reserved 1089536K
  class space    used 5076K, committed 5184K, reserved 1048576K
}
Event: 63.086 GC heap before
{Heap before GC invocations=52 (full 0):
 garbage-first heap   total 419840K, used 334336K [0x0000000082800000, 0x0000000100000000)
  region size 1024K, 77 young (78848K), 2 survivors (2048K)
 Metaspace       used 42413K, committed 42816K, reserved 1089536K
  class space    used 5931K, committed 6144K, reserved 1048576K
}

